<?xml version="1.0" encoding="UTF-8"?>
<testng-results ignored="1" total="2" passed="1" failed="0" skipped="0">
  <reporter-output>
  </reporter-output>
  <suite started-at="2023-06-12T16:04:43 IST" name="Default suite" finished-at="2023-06-12T16:05:01 IST" duration-ms="17478">
    <groups>
    </groups>
    <test started-at="2023-06-12T16:04:43 IST" name="Default test" finished-at="2023-06-12T16:05:01 IST" duration-ms="17478">
      <class name="DWSDriver.DWSDriver1">
        <test-method is-config="true" signature="demoBC()[pri:0, instance:DWSDriver.DWSDriver1@6c80d78a]" started-at="2023-06-12T16:04:43 IST" name="demoBC" finished-at="2023-06-12T16:04:47 IST" duration-ms="3358" status="PASS">
          <reporter-output>
          </reporter-output>
        </test-method> <!-- demoBC -->
        <test-method is-config="true" signature="winMax()[pri:0, instance:DWSDriver.DWSDriver1@6c80d78a]" started-at="2023-06-12T16:04:47 IST" name="winMax" finished-at="2023-06-12T16:04:54 IST" duration-ms="7438" status="PASS">
          <reporter-output>
          </reporter-output>
        </test-method> <!-- winMax -->
        <test-method signature="login()[pri:0, instance:DWSDriver.DWSDriver1@6c80d78a]" started-at="2023-06-12T16:04:54 IST" name="login" finished-at="2023-06-12T16:04:59 IST" duration-ms="5121" status="PASS">
          <reporter-output>
          </reporter-output>
        </test-method> <!-- login -->
        <test-method is-config="true" signature="winMin()[pri:0, instance:DWSDriver.DWSDriver1@6c80d78a]" started-at="2023-06-12T16:04:59 IST" name="winMin" finished-at="2023-06-12T16:05:00 IST" duration-ms="250" status="PASS">
          <reporter-output>
          </reporter-output>
        </test-method> <!-- winMin -->
        <test-method is-config="true" signature="demoAc()[pri:0, instance:DWSDriver.DWSDriver1@6c80d78a]" started-at="2023-06-12T16:05:00 IST" name="demoAc" finished-at="2023-06-12T16:05:01 IST" duration-ms="1269" status="PASS">
          <reporter-output>
          </reporter-output>
        </test-method> <!-- demoAc -->
      </class> <!-- DWSDriver.DWSDriver1 -->
    </test> <!-- Default test -->
  </suite> <!-- Default suite -->
</testng-results>
